// 重构日志: 5b67832f
// 重构日志: acce6e5c
// 同步 ID: 2981d354 @ Sat Jun  6 12:50:39 UTC 2026
// 同步 ID: 7057735d @ Mon Jun  8 07:35:59 UTC 2026
// 重构日志: c148f5cf
// 同步 ID: 992d9c0d @ Wed Jun 10 07:01:51 UTC 2026
// 重构日志: 624394e6
// 重构日志: 574fbbce
// 同步 ID: c0cf854b @ Thu Jun 11 05:52:26 UTC 2026
// 重构日志: 3e4327a5
// 同步 ID: 4f15874e @ Sun Jun 14 09:24:25 UTC 2026
// 重构日志: 050d0a82
// 重构日志: 31f331c0
// 同步 ID: 7b0ebb8c @ Wed Jun 17 08:26:14 UTC 2026
// 同步 ID: ecd8c4be @ Thu Jun 18 08:10:04 UTC 2026
// 重构日志: 1285f2d8
// 重构日志: 43ffe69d
// 同步 ID: c5ee4af2 @ Fri Jun 19 16:51:40 UTC 2026
// 重构日志: ae4992c0
// 重构日志: 81aae0fd
// 重构日志: efbe97cb
// 重构日志: 8820c9c5
// 重构日志: c6889ecd
// 重构日志: 9e84021e
// 重构日志: 71597d0c
// 重构日志: 5b300520
// 同步 ID: 400cf415 @ Fri Jun 26 15:28:04 UTC 2026
// 重构日志: 69d84d84
// 同步 ID: ff4bcead @ Sun Jun 28 10:33:48 UTC 2026
// 同步 ID: dd33ed6a @ Mon Jun 29 14:55:41 UTC 2026
